<?xml version="1.0" encoding="UTF-8"?>
<testsuite xmlns:xsi="http://www.w3.org/2001/XMLSchema-instance" xsi:noNamespaceSchemaLocation="https://maven.apache.org/surefire/maven-surefire-plugin/xsd/surefire-test-report.xsd" name="TestSuite" time="1.444" tests="12" errors="0" skipped="0" failures="6">
  <properties>
[...]
</properties>
  <testcase name="div" classname="com.qa.tests.Demo" time="0.03">
    <failure message="expected [0] but found [30]" type="java.lang.AssertionError">java.lang.AssertionError: expected [0] but found [30]
	at com.qa.tests.Demo.div(Demo.java:36)
</failure>
    <system-out><![CDATA[Div method
]]></system-out>
    <system-err><![CDATA[SLF4J: Failed to load class "org.slf4j.impl.StaticLoggerBinder".
SLF4J: Defaulting to no-operation (NOP) logger implementation
SLF4J: See http://www.slf4j.org/codes.html#StaticLoggerBinder for further details.
]]></system-err>
  </testcase>
  <testcase name="mul" classname="com.qa.tests.Demo" time="0.005">
    <failure message="expected [200] but found [30]" type="java.lang.AssertionError">java.lang.AssertionError: expected [200] but found [30]
	at com.qa.tests.Demo.mul(Demo.java:28)
</failure>
    <system-out><![CDATA[Mul method
]]></system-out>
  </testcase>
  <testcase name="sub" classname="com.qa.tests.Demo" time="0.004">
    <failure message="expected [-10] but found [30]" type="java.lang.AssertionError">java.lang.AssertionError: expected [-10] but found [30]
	at com.qa.tests.Demo.sub(Demo.java:20)
</failure>
    <system-out><![CDATA[Sub method
]]></system-out>
  </testcase>
  <testcase name="sum" classname="com.qa.tests.Demo" time="0.007"/>
  <testcase name="div" classname="com.qa.tests.DemoSample" time="0.002"/>
  <testcase name="mul" classname="com.qa.tests.DemoSample" time="0.001"/>
  <testcase name="sub" classname="com.qa.tests.DemoSample" time="0"/>
  <testcase name="sum" classname="com.qa.tests.DemoSample" time="0.001"/>
  <testcase name="div" classname="com.qa.tests.DemoTest" time="0.001">
    <failure message="expected [0] but found [30]" type="java.lang.AssertionError">java.lang.AssertionError: expected [0] but found [30]
	at com.qa.tests.DemoTest.div(DemoTest.java:37)
</failure>
    <system-out><![CDATA[Div method
]]></system-out>
  </testcase>
  <testcase name="mul" classname="com.qa.tests.DemoTest" time="0.001">
    <failure message="expected [200] but found [30]" type="java.lang.AssertionError">java.lang.AssertionError: expected [200] but found [30]
	at com.qa.tests.DemoTest.mul(DemoTest.java:29)
</failure>
    <system-out><![CDATA[Mul method
]]></system-out>
  </testcase>
  <testcase name="sub" classname="com.qa.tests.DemoTest" time="0.001">
    <failure message="expected [-10] but found [30]" type="java.lang.AssertionError">java.lang.AssertionError: expected [-10] but found [30]
	at com.qa.tests.DemoTest.sub(DemoTest.java:21)
</failure>
    <system-out><![CDATA[Sub method
]]></system-out>
  </testcase>
  <testcase name="sum" classname="com.qa.tests.DemoTest" time="0.002"/>
</testsuite>